<?xml version="1.0" encoding="UTF-8"?>
<!-- Generated by org.testng.reporters.JUnitReportReporter -->
<testsuite skipped="0" hostname="MS-20160111WTDS" name="test1.testStudent" tests="1" failures="0" timestamp="2019-12-29T15:33:47 GMT+08:00" time="0.010" errors="0">
  <testcase name="testCreate" time="0.010" classname="test1.testStudent"/>
</testsuite> <!-- test1.testStudent -->
