<?xml version="1.0" encoding="UTF-8"?>
<!-- Generated by org.testng.reporters.JUnitReportReporter -->
<testsuite hostname="3Q6AKPMTBB7X3XT" failures="0" tests="1" name="testCreate2" time="0.011" errors="0" timestamp="2019-11-15T12:13:47 CST" skipped="0">
  <testcase classname="testCreate2" name="test2" time="0.011"/>
</testsuite> <!-- testCreate2 -->
